pizzeria/app/build/intermediates/manifest_merge_blame_file/debug/manifest-merger-blame-debug-report.txt
1<?xml version="1.0" encoding="utf-8"?>
2<manifest xmlns:android="http://schemas.android.com/apk/res/android"
3    package="com.example.pizzeria"
4    android:versionCode="1"
5    android:versionName="1.0" >
6
7    <uses-sdk
8        android:minSdkVersion="30"
8-->src\main\AndroidManifest.xml
9        android:targetSdkVersion="33" />
9-->src\main\AndroidManifest.xml
10
11    <!-- Permission will be merged into the manifest of the hosting app. -->
12    <!-- Is required to launch foreground extraction service for targetSdkVersion 28+. -->
13    <uses-permission android:name="android.permission.FOREGROUND_SERVICE" />
13-->[com.google.android.play:core:1.10.3] AndroidManifest.xml:13:5-77
13-->[com.google.android.play:core:1.10.3] AndroidManifest.xml:13:22-74
14
15    <application
15-->src\main\AndroidManifest.xml:5:5-27:19
16        android:allowBackup="true"
16-->src\main\AndroidManifest.xml:6:9-35
17        android:appComponentFactory="androidx.core.app.CoreComponentFactory"
17-->[androidx.core:core:1.8.0] AndroidManifest.xml:24:18-86
18        android:dataExtractionRules="@xml/data_extraction_rules"
18-->src\main\AndroidManifest.xml:7:9-65
19        android:debuggable="true"
20        android:extractNativeLibs="false"
21        android:fullBackupContent="@xml/backup_rules"
21-->src\main\AndroidManifest.xml:8:9-54
22        android:icon="@mipmap/ic_launcher"
22-->src\main\AndroidManifest.xml:9:9-43
23        android:label="@string/app_name"
23-->src\main\AndroidManifest.xml:10:9-41
24        android:roundIcon="@mipmap/ic_launcher_round"
24-->src\main\AndroidManifest.xml:11:9-54
25        android:supportsRtl="true"
25-->src\main\AndroidManifest.xml:12:9-35
26        android:testOnly="true"
27        android:theme="@style/Theme.Pizzeria" >
27-->src\main\AndroidManifest.xml:13:9-46
28        <activity
28-->src\main\AndroidManifest.xml:15:9-23:20
29            android:name="com.example.pizzeria.MainActivity"
29-->src\main\AndroidManifest.xml:16:13-41
30            android:exported="true" >
30-->src\main\AndroidManifest.xml:17:13-36
31            <intent-filter>
31-->src\main\AndroidManifest.xml:18:13-22:29
32                <action android:name="android.intent.action.MAIN" />
32-->src\main\AndroidManifest.xml:19:17-69
32-->src\main\AndroidManifest.xml:19:25-66
33
34                <category android:name="android.intent.category.LAUNCHER" />
34-->src\main\AndroidManifest.xml:21:17-77
34-->src\main\AndroidManifest.xml:21:27-74
35            </intent-filter>
36        </activity>
37
38        <meta-data
38-->src\main\AndroidManifest.xml:24:9-26:57
39            android:name="preloaded_fonts"
39-->src\main\AndroidManifest.xml:25:13-43
40            android:resource="@array/preloaded_fonts" />
40-->src\main\AndroidManifest.xml:26:13-54
41
42        <uses-library
42-->[androidx.window:window:1.0.0] AndroidManifest.xml:25:9-27:40
43            android:name="androidx.window.extensions"
43-->[androidx.window:window:1.0.0] AndroidManifest.xml:26:13-54
44            android:required="false" />
44-->[androidx.window:window:1.0.0] AndroidManifest.xml:27:13-37
45        <uses-library
45-->[androidx.window:window:1.0.0] AndroidManifest.xml:28:9-30:40
46            android:name="androidx.window.sidecar"
46-->[androidx.window:window:1.0.0] AndroidManifest.xml:29:13-51
47            android:required="false" />
47-->[androidx.window:window:1.0.0] AndroidManifest.xml:30:13-37
48
49        <provider
49-->[androidx.emoji2:emoji2:1.0.0] AndroidManifest.xml:26:9-34:20
50            android:name="androidx.startup.InitializationProvider"
50-->[androidx.emoji2:emoji2:1.0.0] AndroidManifest.xml:27:13-67
51            android:authorities="com.example.pizzeria.androidx-startup"
51-->[androidx.emoji2:emoji2:1.0.0] AndroidManifest.xml:28:13-68
52            android:exported="false" >
52-->[androidx.emoji2:emoji2:1.0.0] AndroidManifest.xml:29:13-37
53            <meta-data
53-->[androidx.emoji2:emoji2:1.0.0] AndroidManifest.xml:31:13-33:52
54                android:name="androidx.emoji2.text.EmojiCompatInitializer"
54-->[androidx.emoji2:emoji2:1.0.0] AndroidManifest.xml:32:17-75
55                android:value="androidx.startup" />
55-->[androidx.emoji2:emoji2:1.0.0] AndroidManifest.xml:33:17-49
56            <meta-data
56-->[androidx.lifecycle:lifecycle-process:2.4.0] AndroidManifest.xml:31:13-33:52
57                android:name="androidx.lifecycle.ProcessLifecycleInitializer"
57-->[androidx.lifecycle:lifecycle-process:2.4.0] AndroidManifest.xml:32:17-78
58                android:value="androidx.startup" />
58-->[androidx.lifecycle:lifecycle-process:2.4.0] AndroidManifest.xml:33:17-49
59        </provider> <!-- The activities will be merged into the manifest of the hosting app. -->
60        <activity
60-->[com.google.android.play:core:1.10.3] AndroidManifest.xml:18:9-24:45
61            android:name="com.google.android.play.core.missingsplits.PlayCoreMissingSplitsActivity"
61-->[com.google.android.play:core:1.10.3] AndroidManifest.xml:19:13-100
62            android:enabled="false"
62-->[com.google.android.play:core:1.10.3] AndroidManifest.xml:20:13-36
63            android:exported="false"
63-->[com.google.android.play:core:1.10.3] AndroidManifest.xml:21:13-37
64            android:launchMode="singleInstance"
64-->[com.google.android.play:core:1.10.3] AndroidManifest.xml:22:13-48
65            android:process=":playcore_missing_splits_activity"
65-->[com.google.android.play:core:1.10.3] AndroidManifest.xml:23:13-64
66            android:stateNotNeeded="true" />
66-->[com.google.android.play:core:1.10.3] AndroidManifest.xml:24:13-42
67        <activity
67-->[com.google.android.play:core:1.10.3] AndroidManifest.xml:25:9-29:65
68            android:name="com.google.android.play.core.common.PlayCoreDialogWrapperActivity"
68-->[com.google.android.play:core:1.10.3] AndroidManifest.xml:26:13-93
69            android:exported="false"
69-->[com.google.android.play:core:1.10.3] AndroidManifest.xml:27:13-37
70            android:stateNotNeeded="true"
70-->[com.google.android.play:core:1.10.3] AndroidManifest.xml:28:13-42
71            android:theme="@style/Theme.PlayCore.Transparent" /> <!-- The services will be merged into the manifest of the hosting app. -->
71-->[com.google.android.play:core:1.10.3] AndroidManifest.xml:29:13-62
72        <service
72-->[com.google.android.play:core:1.10.3] AndroidManifest.xml:32:9-39:19
73            android:name="com.google.android.play.core.assetpacks.AssetPackExtractionService"
73-->[com.google.android.play:core:1.10.3] AndroidManifest.xml:33:13-94
74            android:enabled="false"
74-->[com.google.android.play:core:1.10.3] AndroidManifest.xml:34:13-36
75            android:exported="true" >
75-->[com.google.android.play:core:1.10.3] AndroidManifest.xml:35:13-36
76            <meta-data
76-->[com.google.android.play:core:1.10.3] AndroidManifest.xml:36:13-38:41
77                android:name="com.google.android.play.core.assetpacks.versionCode"
77-->[com.google.android.play:core:1.10.3] AndroidManifest.xml:37:17-83
78                android:value="11003" />
78-->[com.google.android.play:core:1.10.3] AndroidManifest.xml:38:17-38
79        </service>
80        <service
80-->[com.google.android.play:core:1.10.3] AndroidManifest.xml:40:9-43:40
81            android:name="com.google.android.play.core.assetpacks.ExtractionForegroundService"
81-->[com.google.android.play:core:1.10.3] AndroidManifest.xml:41:13-95
82            android:enabled="false"
82-->[com.google.android.play:core:1.10.3] AndroidManifest.xml:42:13-36
83            android:exported="false" />
83-->[com.google.android.play:core:1.10.3] AndroidManifest.xml:43:13-37
84    </application>
85
86</manifest>